<?xml version="1.0" encoding="UTF-8"?>
<testsuite xmlns:xsi="http://www.w3.org/2001/XMLSchema-instance" xsi:noNamespaceSchemaLocation="https://maven.apache.org/surefire/maven-surefire-plugin/xsd/surefire-test-report-3.0.xsd" version="3.0" name="it.polimi.vovarini.model.MoveTests" time="1.427" tests="600" errors="0" skipped="0" failures="0">
  <properties>
    <property name="java.specification.version" value="14"/>
    <property name="sun.jnu.encoding" value="UTF-8"/>
    <property name="java.class.path" value="/Users/dvolta/Projects/ing-sw-2019-riva-valassi-volta/target/test-classes:/Users/dvolta/Projects/ing-sw-2019-riva-valassi-volta/target/classes:/Users/dvolta/.m2/repository/org/junit/jupiter/junit-jupiter-engine/5.6.1/junit-jupiter-engine-5.6.1.jar:/Users/dvolta/.m2/repository/org/apiguardian/apiguardian-api/1.1.0/apiguardian-api-1.1.0.jar:/Users/dvolta/.m2/repository/org/junit/platform/junit-platform-engine/1.6.1/junit-platform-engine-1.6.1.jar:/Users/dvolta/.m2/repository/org/opentest4j/opentest4j/1.2.0/opentest4j-1.2.0.jar:/Users/dvolta/.m2/repository/org/junit/platform/junit-platform-commons/1.6.1/junit-platform-commons-1.6.1.jar:/Users/dvolta/.m2/repository/org/junit/jupiter/junit-jupiter-api/5.6.1/junit-jupiter-api-5.6.1.jar:/Users/dvolta/.m2/repository/org/junit/jupiter/junit-jupiter/5.6.2/junit-jupiter-5.6.2.jar:/Users/dvolta/.m2/repository/org/junit/jupiter/junit-jupiter-params/5.6.2/junit-jupiter-params-5.6.2.jar:/Users/dvolta/.m2/repository/org/apache/maven/plugins/maven-compiler-plugin/3.8.1/maven-compiler-plugin-3.8.1.jar:/Users/dvolta/.m2/repository/org/apache/maven/maven-plugin-api/3.0/maven-plugin-api-3.0.jar:/Users/dvolta/.m2/repository/org/apache/maven/maven-model/3.0/maven-model-3.0.jar:/Users/dvolta/.m2/repository/org/sonatype/sisu/sisu-inject-plexus/1.4.2/sisu-inject-plexus-1.4.2.jar:/Users/dvolta/.m2/repository/org/sonatype/sisu/sisu-inject-bean/1.4.2/sisu-inject-bean-1.4.2.jar:/Users/dvolta/.m2/repository/org/sonatype/sisu/sisu-guice/2.1.7/sisu-guice-2.1.7-noaop.jar:/Users/dvolta/.m2/repository/org/apache/maven/maven-artifact/3.0/maven-artifact-3.0.jar:/Users/dvolta/.m2/repository/org/codehaus/plexus/plexus-utils/2.0.4/plexus-utils-2.0.4.jar:/Users/dvolta/.m2/repository/org/apache/maven/maven-core/3.0/maven-core-3.0.jar:/Users/dvolta/.m2/repository/org/apache/maven/maven-settings/3.0/maven-settings-3.0.jar:/Users/dvolta/.m2/repository/org/apache/maven/maven-settings-builder/3.0/maven-settings-builder-3.0.jar:/Users/dvolta/.m2/repository/org/apache/maven/maven-repository-metadata/3.0/maven-repository-metadata-3.0.jar:/Users/dvolta/.m2/repository/org/apache/maven/maven-model-builder/3.0/maven-model-builder-3.0.jar:/Users/dvolta/.m2/repository/org/apache/maven/maven-aether-provider/3.0/maven-aether-provider-3.0.jar:/Users/dvolta/.m2/repository/org/sonatype/aether/aether-impl/1.7/aether-impl-1.7.jar:/Users/dvolta/.m2/repository/org/sonatype/aether/aether-spi/1.7/aether-spi-1.7.jar:/Users/dvolta/.m2/repository/org/sonatype/aether/aether-api/1.7/aether-api-1.7.jar:/Users/dvolta/.m2/repository/org/sonatype/aether/aether-util/1.7/aether-util-1.7.jar:/Users/dvolta/.m2/repository/org/codehaus/plexus/plexus-interpolation/1.14/plexus-interpolation-1.14.jar:/Users/dvolta/.m2/repository/org/codehaus/plexus/plexus-classworlds/2.2.3/plexus-classworlds-2.2.3.jar:/Users/dvolta/.m2/repository/org/codehaus/plexus/plexus-component-annotations/1.5.5/plexus-component-annotations-1.5.5.jar:/Users/dvolta/.m2/repository/org/sonatype/plexus/plexus-sec-dispatcher/1.3/plexus-sec-dispatcher-1.3.jar:/Users/dvolta/.m2/repository/org/sonatype/plexus/plexus-cipher/1.4/plexus-cipher-1.4.jar:/Users/dvolta/.m2/repository/org/apache/maven/shared/maven-shared-utils/3.2.1/maven-shared-utils-3.2.1.jar:/Users/dvolta/.m2/repository/commons-io/commons-io/2.5/commons-io-2.5.jar:/Users/dvolta/.m2/repository/org/apache/maven/shared/maven-shared-incremental/1.1/maven-shared-incremental-1.1.jar:/Users/dvolta/.m2/repository/org/codehaus/plexus/plexus-java/0.9.10/plexus-java-0.9.10.jar:/Users/dvolta/.m2/repository/org/ow2/asm/asm/6.2/asm-6.2.jar:/Users/dvolta/.m2/repository/com/thoughtworks/qdox/qdox/2.0-M8/qdox-2.0-M8.jar:/Users/dvolta/.m2/repository/org/codehaus/plexus/plexus-compiler-api/2.8.4/plexus-compiler-api-2.8.4.jar:/Users/dvolta/.m2/repository/org/codehaus/plexus/plexus-compiler-manager/2.8.4/plexus-compiler-manager-2.8.4.jar:/Users/dvolta/.m2/repository/org/codehaus/plexus/plexus-compiler-javac/2.8.4/plexus-compiler-javac-2.8.4.jar:/Users/dvolta/.m2/repository/org/jline/jline/3.14.0/jline-3.14.0.jar:/Users/dvolta/.m2/repository/org/jetbrains/annotations/19.0.0/annotations-19.0.0.jar:/Users/dvolta/.m2/repository/net/java/dev/jna/jna/5.5.0/jna-5.5.0.jar:/Users/dvolta/.m2/repository/net/java/dev/jna/jna-platform/5.5.0/jna-platform-5.5.0.jar:"/>
    <property name="java.vm.vendor" value="AdoptOpenJDK"/>
    <property name="sun.arch.data.model" value="64"/>
    <property name="java.vendor.url" value="https://adoptopenjdk.net/"/>
    <property name="os.name" value="Mac OS X"/>
    <property name="java.vm.specification.version" value="14"/>
    <property name="sun.java.launcher" value="SUN_STANDARD"/>
    <property name="user.country" value="IT"/>
    <property name="sun.boot.library.path" value="/Library/Java/JavaVirtualMachines/adoptopenjdk-14.jdk/Contents/Home/lib"/>
    <property name="sun.java.command" value="/Users/dvolta/Projects/ing-sw-2019-riva-valassi-volta/target/surefire/surefirebooter12463701342168134754.jar /Users/dvolta/Projects/ing-sw-2019-riva-valassi-volta/target/surefire 2020-05-10T17-32-33_045-jvmRun1 surefire4543833516285924929tmp surefire_06197324511669160170tmp"/>
    <property name="jdk.debug" value="release"/>
    <property name="surefire.test.class.path" value="/Users/dvolta/Projects/ing-sw-2019-riva-valassi-volta/target/test-classes:/Users/dvolta/Projects/ing-sw-2019-riva-valassi-volta/target/classes:/Users/dvolta/.m2/repository/org/junit/jupiter/junit-jupiter-engine/5.6.1/junit-jupiter-engine-5.6.1.jar:/Users/dvolta/.m2/repository/org/apiguardian/apiguardian-api/1.1.0/apiguardian-api-1.1.0.jar:/Users/dvolta/.m2/repository/org/junit/platform/junit-platform-engine/1.6.1/junit-platform-engine-1.6.1.jar:/Users/dvolta/.m2/repository/org/opentest4j/opentest4j/1.2.0/opentest4j-1.2.0.jar:/Users/dvolta/.m2/repository/org/junit/platform/junit-platform-commons/1.6.1/junit-platform-commons-1.6.1.jar:/Users/dvolta/.m2/repository/org/junit/jupiter/junit-jupiter-api/5.6.1/junit-jupiter-api-5.6.1.jar:/Users/dvolta/.m2/repository/org/junit/jupiter/junit-jupiter/5.6.2/junit-jupiter-5.6.2.jar:/Users/dvolta/.m2/repository/org/junit/jupiter/junit-jupiter-params/5.6.2/junit-jupiter-params-5.6.2.jar:/Users/dvolta/.m2/repository/org/apache/maven/plugins/maven-compiler-plugin/3.8.1/maven-compiler-plugin-3.8.1.jar:/Users/dvolta/.m2/repository/org/apache/maven/maven-plugin-api/3.0/maven-plugin-api-3.0.jar:/Users/dvolta/.m2/repository/org/apache/maven/maven-model/3.0/maven-model-3.0.jar:/Users/dvolta/.m2/repository/org/sonatype/sisu/sisu-inject-plexus/1.4.2/sisu-inject-plexus-1.4.2.jar:/Users/dvolta/.m2/repository/org/sonatype/sisu/sisu-inject-bean/1.4.2/sisu-inject-bean-1.4.2.jar:/Users/dvolta/.m2/repository/org/sonatype/sisu/sisu-guice/2.1.7/sisu-guice-2.1.7-noaop.jar:/Users/dvolta/.m2/repository/org/apache/maven/maven-artifact/3.0/maven-artifact-3.0.jar:/Users/dvolta/.m2/repository/org/codehaus/plexus/plexus-utils/2.0.4/plexus-utils-2.0.4.jar:/Users/dvolta/.m2/repository/org/apache/maven/maven-core/3.0/maven-core-3.0.jar:/Users/dvolta/.m2/repository/org/apache/maven/maven-settings/3.0/maven-settings-3.0.jar:/Users/dvolta/.m2/repository/org/apache/maven/maven-settings-builder/3.0/maven-settings-builder-3.0.jar:/Users/dvolta/.m2/repository/org/apache/maven/maven-repository-metadata/3.0/maven-repository-metadata-3.0.jar:/Users/dvolta/.m2/repository/org/apache/maven/maven-model-builder/3.0/maven-model-builder-3.0.jar:/Users/dvolta/.m2/repository/org/apache/maven/maven-aether-provider/3.0/maven-aether-provider-3.0.jar:/Users/dvolta/.m2/repository/org/sonatype/aether/aether-impl/1.7/aether-impl-1.7.jar:/Users/dvolta/.m2/repository/org/sonatype/aether/aether-spi/1.7/aether-spi-1.7.jar:/Users/dvolta/.m2/repository/org/sonatype/aether/aether-api/1.7/aether-api-1.7.jar:/Users/dvolta/.m2/repository/org/sonatype/aether/aether-util/1.7/aether-util-1.7.jar:/Users/dvolta/.m2/repository/org/codehaus/plexus/plexus-interpolation/1.14/plexus-interpolation-1.14.jar:/Users/dvolta/.m2/repository/org/codehaus/plexus/plexus-classworlds/2.2.3/plexus-classworlds-2.2.3.jar:/Users/dvolta/.m2/repository/org/codehaus/plexus/plexus-component-annotations/1.5.5/plexus-component-annotations-1.5.5.jar:/Users/dvolta/.m2/repository/org/sonatype/plexus/plexus-sec-dispatcher/1.3/plexus-sec-dispatcher-1.3.jar:/Users/dvolta/.m2/repository/org/sonatype/plexus/plexus-cipher/1.4/plexus-cipher-1.4.jar:/Users/dvolta/.m2/repository/org/apache/maven/shared/maven-shared-utils/3.2.1/maven-shared-utils-3.2.1.jar:/Users/dvolta/.m2/repository/commons-io/commons-io/2.5/commons-io-2.5.jar:/Users/dvolta/.m2/repository/org/apache/maven/shared/maven-shared-incremental/1.1/maven-shared-incremental-1.1.jar:/Users/dvolta/.m2/repository/org/codehaus/plexus/plexus-java/0.9.10/plexus-java-0.9.10.jar:/Users/dvolta/.m2/repository/org/ow2/asm/asm/6.2/asm-6.2.jar:/Users/dvolta/.m2/repository/com/thoughtworks/qdox/qdox/2.0-M8/qdox-2.0-M8.jar:/Users/dvolta/.m2/repository/org/codehaus/plexus/plexus-compiler-api/2.8.4/plexus-compiler-api-2.8.4.jar:/Users/dvolta/.m2/repository/org/codehaus/plexus/plexus-compiler-manager/2.8.4/plexus-compiler-manager-2.8.4.jar:/Users/dvolta/.m2/repository/org/codehaus/plexus/plexus-compiler-javac/2.8.4/plexus-compiler-javac-2.8.4.jar:/Users/dvolta/.m2/repository/org/jline/jline/3.14.0/jline-3.14.0.jar:/Users/dvolta/.m2/repository/org/jetbrains/annotations/19.0.0/annotations-19.0.0.jar:/Users/dvolta/.m2/repository/net/java/dev/jna/jna/5.5.0/jna-5.5.0.jar:/Users/dvolta/.m2/repository/net/java/dev/jna/jna-platform/5.5.0/jna-platform-5.5.0.jar:"/>
    <property name="sun.cpu.endian" value="little"/>
    <property name="user.home" value="/Users/dvolta"/>
    <property name="user.language" value="en"/>
    <property name="java.specification.vendor" value="Oracle Corporation"/>
    <property name="java.version.date" value="2020-04-14"/>
    <property name="java.home" value="/Library/Java/JavaVirtualMachines/adoptopenjdk-14.jdk/Contents/Home"/>
    <property name="file.separator" value="/"/>
    <property name="basedir" value="/Users/dvolta/Projects/ing-sw-2019-riva-valassi-volta"/>
    <property name="java.vm.compressedOopsMode" value="Zero based"/>
    <property name="line.separator" value="&#10;"/>
    <property name="java.vm.specification.vendor" value="Oracle Corporation"/>
    <property name="java.specification.name" value="Java Platform API Specification"/>
    <property name="surefire.real.class.path" value="/Users/dvolta/Projects/ing-sw-2019-riva-valassi-volta/target/surefire/surefirebooter12463701342168134754.jar"/>
    <property name="sun.management.compiler" value="HotSpot 64-Bit Tiered Compilers"/>
    <property name="java.runtime.version" value="14.0.1+7"/>
    <property name="user.name" value="dvolta"/>
    <property name="path.separator" value=":"/>
    <property name="os.version" value="10.15.4"/>
    <property name="java.runtime.name" value="OpenJDK Runtime Environment"/>
    <property name="file.encoding" value="UTF-8"/>
    <property name="java.vm.name" value="OpenJDK 64-Bit Server VM"/>
    <property name="java.vendor.version" value="AdoptOpenJDK"/>
    <property name="localRepository" value="/Users/dvolta/.m2/repository"/>
    <property name="java.vendor.url.bug" value="https://github.com/AdoptOpenJDK/openjdk-support/issues"/>
    <property name="java.io.tmpdir" value="/var/folders/5j/z5r9d3t52tj254r0hyqjg6cr0000gn/T/"/>
    <property name="java.version" value="14.0.1"/>
    <property name="user.dir" value="/Users/dvolta/Projects/ing-sw-2019-riva-valassi-volta"/>
    <property name="os.arch" value="x86_64"/>
    <property name="java.vm.specification.name" value="Java Virtual Machine Specification"/>
    <property name="java.library.path" value="/Users/dvolta/Library/Java/Extensions:/Library/Java/Extensions:/Network/Library/Java/Extensions:/System/Library/Java/Extensions:/usr/lib/java:."/>
    <property name="java.vm.info" value="mixed mode, sharing"/>
    <property name="java.vendor" value="AdoptOpenJDK"/>
    <property name="java.vm.version" value="14.0.1+7"/>
    <property name="sun.io.unicode.encoding" value="UnicodeBig"/>
    <property name="java.class.version" value="58.0"/>
  </properties>
  <testcase name="basicMovementTest(Point,Point)" classname="it.polimi.vovarini.model.MoveTests" time="0.012"/>
  <testcase name="basicMovementTest(Point,Point)" classname="it.polimi.vovarini.model.MoveTests" time="0.009"/>
  <testcase name="basicMovementTest(Point,Point)" classname="it.polimi.vovarini.model.MoveTests" time="0.006"/>
  <testcase name="basicMovementTest(Point,Point)" classname="it.polimi.vovarini.model.MoveTests" time="0.008"/>
  <testcase name="basicMovementTest(Point,Point)" classname="it.polimi.vovarini.model.MoveTests" time="0.003"/>
  <testcase name="basicMovementTest(Point,Point)" classname="it.polimi.vovarini.model.MoveTests" time="0.002"/>
  <testcase name="basicMovementTest(Point,Point)" classname="it.polimi.vovarini.model.MoveTests" time="0.002"/>
  <testcase name="basicMovementTest(Point,Point)" classname="it.polimi.vovarini.model.MoveTests" time="0.003"/>
  <testcase name="basicMovementTest(Point,Point)" classname="it.polimi.vovarini.model.MoveTests" time="0.002"/>
  <testcase name="basicMovementTest(Point,Point)" classname="it.polimi.vovarini.model.MoveTests" time="0.002"/>
  <testcase name="basicMovementTest(Point,Point)" classname="it.polimi.vovarini.model.MoveTests" time="0.002"/>
  <testcase name="basicMovementTest(Point,Point)" classname="it.polimi.vovarini.model.MoveTests" time="0.001"/>
  <testcase name="basicMovementTest(Point,Point)" classname="it.polimi.vovarini.model.MoveTests" time="0.003"/>
  <testcase name="basicMovementTest(Point,Point)" classname="it.polimi.vovarini.model.MoveTests" time="0.002"/>
  <testcase name="basicMovementTest(Point,Point)" classname="it.polimi.vovarini.model.MoveTests" time="0.003"/>
  <testcase name="basicMovementTest(Point,Point)" classname="it.polimi.vovarini.model.MoveTests" time="0.003"/>
  <testcase name="basicMovementTest(Point,Point)" classname="it.polimi.vovarini.model.MoveTests" time="0.002"/>
  <testcase name="basicMovementTest(Point,Point)" classname="it.polimi.vovarini.model.MoveTests" time="0.002"/>
  <testcase name="basicMovementTest(Point,Point)" classname="it.polimi.vovarini.model.MoveTests" time="0.003"/>
  <testcase name="basicMovementTest(Point,Point)" classname="it.polimi.vovarini.model.MoveTests" time="0.002"/>
  <testcase name="basicMovementTest(Point,Point)" classname="it.polimi.vovarini.model.MoveTests" time="0.002"/>
  <testcase name="basicMovementTest(Point,Point)" classname="it.polimi.vovarini.model.MoveTests" time="0.004"/>
  <testcase name="basicMovementTest(Point,Point)" classname="it.polimi.vovarini.model.MoveTests" time="0.001"/>
  <testcase name="basicMovementTest(Point,Point)" classname="it.polimi.vovarini.model.MoveTests" time="0.002"/>
  <testcase name="basicMovementTest(Point,Point)" classname="it.polimi.vovarini.model.MoveTests" time="0.002"/>
  <testcase name="basicMovementTest(Point,Point)" classname="it.polimi.vovarini.model.MoveTests" time="0.003"/>
  <testcase name="basicMovementTest(Point,Point)" classname="it.polimi.vovarini.model.MoveTests" time="0.004"/>
  <testcase name="basicMovementTest(Point,Point)" classname="it.polimi.vovarini.model.MoveTests" time="0.002"/>
  <testcase name="basicMovementTest(Point,Point)" classname="it.polimi.vovarini.model.MoveTests" time="0.004"/>
  <testcase name="basicMovementTest(Point,Point)" classname="it.polimi.vovarini.model.MoveTests" time="0.003"/>
  <testcase name="basicMovementTest(Point,Point)" classname="it.polimi.vovarini.model.MoveTests" time="0.002"/>
  <testcase name="basicMovementTest(Point,Point)" classname="it.polimi.vovarini.model.MoveTests" time="0.002"/>
  <testcase name="basicMovementTest(Point,Point)" classname="it.polimi.vovarini.model.MoveTests" time="0.001"/>
  <testcase name="basicMovementTest(Point,Point)" classname="it.polimi.vovarini.model.MoveTests" time="0.003"/>
  <testcase name="basicMovementTest(Point,Point)" classname="it.polimi.vovarini.model.MoveTests" time="0.002"/>
  <testcase name="basicMovementTest(Point,Point)" classname="it.polimi.vovarini.model.MoveTests" time="0.001"/>
  <testcase name="basicMovementTest(Point,Point)" classname="it.polimi.vovarini.model.MoveTests" time="0.001"/>
  <testcase name="basicMovementTest(Point,Point)" classname="it.polimi.vovarini.model.MoveTests" time="0.002"/>
  <testcase name="basicMovementTest(Point,Point)" classname="it.polimi.vovarini.model.MoveTests" time="0.002"/>
  <testcase name="basicMovementTest(Point,Point)" classname="it.polimi.vovarini.model.MoveTests" time="0.001"/>
  <testcase name="basicMovementTest(Point,Point)" classname="it.polimi.vovarini.model.MoveTests" time="0.002"/>
  <testcase name="basicMovementTest(Point,Point)" classname="it.polimi.vovarini.model.MoveTests" time="0.002"/>
  <testcase name="basicMovementTest(Point,Point)" classname="it.polimi.vovarini.model.MoveTests" time="0.002"/>
  <testcase name="basicMovementTest(Point,Point)" classname="it.polimi.vovarini.model.MoveTests" time="0.004"/>
  <testcase name="basicMovementTest(Point,Point)" classname="it.polimi.vovarini.model.MoveTests" time="0.003"/>
  <testcase name="basicMovementTest(Point,Point)" classname="it.polimi.vovarini.model.MoveTests" time="0.002"/>
  <testcase name="basicMovementTest(Point,Point)" classname="it.polimi.vovarini.model.MoveTests" time="0.001"/>
  <testcase name="basicMovementTest(Point,Point)" classname="it.polimi.vovarini.model.MoveTests" time="0.001"/>
  <testcase name="basicMovementTest(Point,Point)" classname="it.polimi.vovarini.model.MoveTests" time="0.001"/>
  <testcase name="basicMovementTest(Point,Point)" classname="it.polimi.vovarini.model.MoveTests" time="0.001"/>
  <testcase name="basicMovementTest(Point,Point)" classname="it.polimi.vovarini.model.MoveTests" time="0.002"/>
  <testcase name="basicMovementTest(Point,Point)" classname="it.polimi.vovarini.model.MoveTests" time="0.002"/>
  <testcase name="basicMovementTest(Point,Point)" classname="it.polimi.vovarini.model.MoveTests" time="0.002"/>
  <testcase name="basicMovementTest(Point,Point)" classname="it.polimi.vovarini.model.MoveTests" time="0.002"/>
  <testcase name="basicMovementTest(Point,Point)" classname="it.polimi.vovarini.model.MoveTests" time="0.001"/>
  <testcase name="basicMovementTest(Point,Point)" classname="it.polimi.vovarini.model.MoveTests" time="0.001"/>
  <testcase name="basicMovementTest(Point,Point)" classname="it.polimi.vovarini.model.MoveTests" time="0.001"/>
  <testcase name="basicMovementTest(Point,Point)" classname="it.polimi.vovarini.model.MoveTests" time="0.002"/>
  <testcase name="basicMovementTest(Point,Point)" classname="it.polimi.vovarini.model.MoveTests" time="0.002"/>
  <testcase name="basicMovementTest(Point,Point)" classname="it.polimi.vovarini.model.MoveTests" time="0.001"/>
  <testcase name="basicMovementTest(Point,Point)" classname="it.polimi.vovarini.model.MoveTests" time="0.002"/>
  <testcase name="basicMovementTest(Point,Point)" classname="it.polimi.vovarini.model.MoveTests" time="0.002"/>
  <testcase name="basicMovementTest(Point,Point)" classname="it.polimi.vovarini.model.MoveTests" time="0.002"/>
  <testcase name="basicMovementTest(Point,Point)" classname="it.polimi.vovarini.model.MoveTests" time="0.002"/>
  <testcase name="basicMovementTest(Point,Point)" classname="it.polimi.vovarini.model.MoveTests" time="0.001"/>
  <testcase name="basicMovementTest(Point,Point)" classname="it.polimi.vovarini.model.MoveTests" time="0.002"/>
  <testcase name="basicMovementTest(Point,Point)" classname="it.polimi.vovarini.model.MoveTests" time="0.001"/>
  <testcase name="basicMovementTest(Point,Point)" classname="it.polimi.vovarini.model.MoveTests" time="0.002"/>
  <testcase name="basicMovementTest(Point,Point)" classname="it.polimi.vovarini.model.MoveTests" time="0.002"/>
  <testcase name="basicMovementTest(Point,Point)" classname="it.polimi.vovarini.model.MoveTests" time="0.003"/>
  <testcase name="basicMovementTest(Point,Point)" classname="it.polimi.vovarini.model.MoveTests" time="0.002"/>
  <testcase name="basicMovementTest(Point,Point)" classname="it.polimi.vovarini.model.MoveTests" time="0.001"/>
  <testcase name="basicMovementTest(Point,Point)" classname="it.polimi.vovarini.model.MoveTests" time="0.001"/>
  <testcase name="basicMovementTest(Point,Point)" classname="it.polimi.vovarini.model.MoveTests" time="0.001"/>
  <testcase name="basicMovementTest(Point,Point)" classname="it.polimi.vovarini.model.MoveTests" time="0.001"/>
  <testcase name="basicMovementTest(Point,Point)" classname="it.polimi.vovarini.model.MoveTests" time="0.001"/>
  <testcase name="basicMovementTest(Point,Point)" classname="it.polimi.vovarini.model.MoveTests" time="0.001"/>
  <testcase name="basicMovementTest(Point,Point)" classname="it.polimi.vovarini.model.MoveTests" time="0.001"/>
  <testcase name="basicMovementTest(Point,Point)" classname="it.polimi.vovarini.model.MoveTests" time="0.002"/>
  <testcase name="basicMovementTest(Point,Point)" classname="it.polimi.vovarini.model.MoveTests" time="0.005"/>
  <testcase name="basicMovementTest(Point,Point)" classname="it.polimi.vovarini.model.MoveTests" time="0.002"/>
  <testcase name="basicMovementTest(Point,Point)" classname="it.polimi.vovarini.model.MoveTests" time="0.002"/>
  <testcase name="basicMovementTest(Point,Point)" classname="it.polimi.vovarini.model.MoveTests" time="0.003"/>
  <testcase name="basicMovementTest(Point,Point)" classname="it.polimi.vovarini.model.MoveTests" time="0.002"/>
  <testcase name="basicMovementTest(Point,Point)" classname="it.polimi.vovarini.model.MoveTests" time="0.003"/>
  <testcase name="basicMovementTest(Point,Point)" classname="it.polimi.vovarini.model.MoveTests" time="0.002"/>
  <testcase name="basicMovementTest(Point,Point)" classname="it.polimi.vovarini.model.MoveTests" time="0.003"/>
  <testcase name="basicMovementTest(Point,Point)" classname="it.polimi.vovarini.model.MoveTests" time="0.001"/>
  <testcase name="basicMovementTest(Point,Point)" classname="it.polimi.vovarini.model.MoveTests" time="0.002"/>
  <testcase name="basicMovementTest(Point,Point)" classname="it.polimi.vovarini.model.MoveTests" time="0.003"/>
  <testcase name="basicMovementTest(Point,Point)" classname="it.polimi.vovarini.model.MoveTests" time="0.002"/>
  <testcase name="basicMovementTest(Point,Point)" classname="it.polimi.vovarini.model.MoveTests" time="0.002"/>
  <testcase name="basicMovementTest(Point,Point)" classname="it.polimi.vovarini.model.MoveTests" time="0.001"/>
  <testcase name="basicMovementTest(Point,Point)" classname="it.polimi.vovarini.model.MoveTests" time="0.001"/>
  <testcase name="basicMovementTest(Point,Point)" classname="it.polimi.vovarini.model.MoveTests" time="0.001"/>
  <testcase name="basicMovementTest(Point,Point)" classname="it.polimi.vovarini.model.MoveTests" time="0.002"/>
  <testcase name="basicMovementTest(Point,Point)" classname="it.polimi.vovarini.model.MoveTests" time="0.002"/>
  <testcase name="basicMovementTest(Point,Point)" classname="it.polimi.vovarini.model.MoveTests" time="0.001"/>
  <testcase name="basicMovementTest(Point,Point)" classname="it.polimi.vovarini.model.MoveTests" time="0.002"/>
  <testcase name="basicMovementTest(Point,Point)" classname="it.polimi.vovarini.model.MoveTests" time="0.002"/>
  <testcase name="basicMovementTest(Point,Point)" classname="it.polimi.vovarini.model.MoveTests" time="0.002"/>
  <testcase name="basicMovementTest(Point,Point)" classname="it.polimi.vovarini.model.MoveTests" time="0.001"/>
  <testcase name="basicMovementTest(Point,Point)" classname="it.polimi.vovarini.model.MoveTests" time="0.002"/>
  <testcase name="basicMovementTest(Point,Point)" classname="it.polimi.vovarini.model.MoveTests" time="0.001"/>
  <testcase name="basicMovementTest(Point,Point)" classname="it.polimi.vovarini.model.MoveTests" time="0.001"/>
  <testcase name="basicMovementTest(Point,Point)" classname="it.polimi.vovarini.model.MoveTests" time="0.001"/>
  <testcase name="basicMovementTest(Point,Point)" classname="it.polimi.vovarini.model.MoveTests" time="0.001"/>
  <testcase name="basicMovementTest(Point,Point)" classname="it.polimi.vovarini.model.MoveTests" time="0.001"/>
  <testcase name="basicMovementTest(Point,Point)" classname="it.polimi.vovarini.model.MoveTests" time="0.001"/>
  <testcase name="basicMovementTest(Point,Point)" classname="it.polimi.vovarini.model.MoveTests" time="0.001"/>
  <testcase name="basicMovementTest(Point,Point)" classname="it.polimi.vovarini.model.MoveTests" time="0.002"/>
  <testcase name="basicMovementTest(Point,Point)" classname="it.polimi.vovarini.model.MoveTests" time="0.002"/>
  <testcase name="basicMovementTest(Point,Point)" classname="it.polimi.vovarini.model.MoveTests" time="0.002"/>
  <testcase name="basicMovementTest(Point,Point)" classname="it.polimi.vovarini.model.MoveTests" time="0.001"/>
  <testcase name="basicMovementTest(Point,Point)" classname="it.polimi.vovarini.model.MoveTests" time="0.002"/>
  <testcase name="basicMovementTest(Point,Point)" classname="it.polimi.vovarini.model.MoveTests" time="0.001"/>
  <testcase name="basicMovementTest(Point,Point)" classname="it.polimi.vovarini.model.MoveTests" time="0.001"/>
  <testcase name="basicMovementTest(Point,Point)" classname="it.polimi.vovarini.model.MoveTests" time="0.002"/>
  <testcase name="basicMovementTest(Point,Point)" classname="it.polimi.vovarini.model.MoveTests" time="0.002"/>
  <testcase name="basicMovementTest(Point,Point)" classname="it.polimi.vovarini.model.MoveTests" time="0.002"/>
  <testcase name="basicMovementTest(Point,Point)" classname="it.polimi.vovarini.model.MoveTests" time="0.001"/>
  <testcase name="basicMovementTest(Point,Point)" classname="it.polimi.vovarini.model.MoveTests" time="0.001"/>
  <testcase name="basicMovementTest(Point,Point)" classname="it.polimi.vovarini.model.MoveTests" time="0.001"/>
  <testcase name="basicMovementTest(Point,Point)" classname="it.polimi.vovarini.model.MoveTests" time="0.001"/>
  <testcase name="basicMovementTest(Point,Point)" classname="it.polimi.vovarini.model.MoveTests" time="0.001"/>
  <testcase name="basicMovementTest(Point,Point)" classname="it.polimi.vovarini.model.MoveTests" time="0.002"/>
  <testcase name="basicMovementTest(Point,Point)" classname="it.polimi.vovarini.model.MoveTests" time="0.002"/>
  <testcase name="basicMovementTest(Point,Point)" classname="it.polimi.vovarini.model.MoveTests" time="0.002"/>
  <testcase name="basicMovementTest(Point,Point)" classname="it.polimi.vovarini.model.MoveTests" time="0.002"/>
  <testcase name="basicMovementTest(Point,Point)" classname="it.polimi.vovarini.model.MoveTests" time="0.001"/>
  <testcase name="basicMovementTest(Point,Point)" classname="it.polimi.vovarini.model.MoveTests" time="0.002"/>
  <testcase name="basicMovementTest(Point,Point)" classname="it.polimi.vovarini.model.MoveTests" time="0.002"/>
  <testcase name="basicMovementTest(Point,Point)" classname="it.polimi.vovarini.model.MoveTests" time="0.002"/>
  <testcase name="basicMovementTest(Point,Point)" classname="it.polimi.vovarini.model.MoveTests" time="0.001"/>
  <testcase name="basicMovementTest(Point,Point)" classname="it.polimi.vovarini.model.MoveTests" time="0.002"/>
  <testcase name="basicMovementTest(Point,Point)" classname="it.polimi.vovarini.model.MoveTests" time="0.002"/>
  <testcase name="basicMovementTest(Point,Point)" classname="it.polimi.vovarini.model.MoveTests" time="0.002"/>
  <testcase name="basicMovementTest(Point,Point)" classname="it.polimi.vovarini.model.MoveTests" time="0.001"/>
  <testcase name="basicMovementTest(Point,Point)" classname="it.polimi.vovarini.model.MoveTests" time="0.002"/>
  <testcase name="basicMovementTest(Point,Point)" classname="it.polimi.vovarini.model.MoveTests" time="0.003"/>
  <testcase name="basicMovementTest(Point,Point)" classname="it.polimi.vovarini.model.MoveTests" time="0.001"/>
  <testcase name="basicMovementTest(Point,Point)" classname="it.polimi.vovarini.model.MoveTests" time="0.002"/>
  <testcase name="basicMovementTest(Point,Point)" classname="it.polimi.vovarini.model.MoveTests" time="0.002"/>
  <testcase name="basicMovementTest(Point,Point)" classname="it.polimi.vovarini.model.MoveTests" time="0.003"/>
  <testcase name="basicMovementTest(Point,Point)" classname="it.polimi.vovarini.model.MoveTests" time="0.002"/>
  <testcase name="basicMovementTest(Point,Point)" classname="it.polimi.vovarini.model.MoveTests" time="0.002"/>
  <testcase name="basicMovementTest(Point,Point)" classname="it.polimi.vovarini.model.MoveTests" time="0.002"/>
  <testcase name="basicMovementTest(Point,Point)" classname="it.polimi.vovarini.model.MoveTests" time="0.002"/>
  <testcase name="basicMovementTest(Point,Point)" classname="it.polimi.vovarini.model.MoveTests" time="0.001"/>
  <testcase name="basicMovementTest(Point,Point)" classname="it.polimi.vovarini.model.MoveTests" time="0.003"/>
  <testcase name="basicMovementTest(Point,Point)" classname="it.polimi.vovarini.model.MoveTests" time="0.002"/>
  <testcase name="basicMovementTest(Point,Point)" classname="it.polimi.vovarini.model.MoveTests" time="0.001"/>
  <testcase name="basicMovementTest(Point,Point)" classname="it.polimi.vovarini.model.MoveTests" time="0.002"/>
  <testcase name="basicMovementTest(Point,Point)" classname="it.polimi.vovarini.model.MoveTests" time="0.001"/>
  <testcase name="basicMovementTest(Point,Point)" classname="it.polimi.vovarini.model.MoveTests" time="0.003"/>
  <testcase name="basicMovementTest(Point,Point)" classname="it.polimi.vovarini.model.MoveTests" time="0.002"/>
  <testcase name="basicMovementTest(Point,Point)" classname="it.polimi.vovarini.model.MoveTests" time="0.002"/>
  <testcase name="basicMovementTest(Point,Point)" classname="it.polimi.vovarini.model.MoveTests" time="0.002"/>
  <testcase name="basicMovementTest(Point,Point)" classname="it.polimi.vovarini.model.MoveTests" time="0.002"/>
  <testcase name="basicMovementTest(Point,Point)" classname="it.polimi.vovarini.model.MoveTests" time="0.002"/>
  <testcase name="basicMovementTest(Point,Point)" classname="it.polimi.vovarini.model.MoveTests" time="0.002"/>
  <testcase name="basicMovementTest(Point,Point)" classname="it.polimi.vovarini.model.MoveTests" time="0.002"/>
  <testcase name="basicMovementTest(Point,Point)" classname="it.polimi.vovarini.model.MoveTests" time="0.002"/>
  <testcase name="basicMovementTest(Point,Point)" classname="it.polimi.vovarini.model.MoveTests" time="0.002"/>
  <testcase name="basicMovementTest(Point,Point)" classname="it.polimi.vovarini.model.MoveTests" time="0.003"/>
  <testcase name="basicMovementTest(Point,Point)" classname="it.polimi.vovarini.model.MoveTests" time="0.001"/>
  <testcase name="basicMovementTest(Point,Point)" classname="it.polimi.vovarini.model.MoveTests" time="0.003"/>
  <testcase name="basicMovementTest(Point,Point)" classname="it.polimi.vovarini.model.MoveTests" time="0.003"/>
  <testcase name="basicMovementTest(Point,Point)" classname="it.polimi.vovarini.model.MoveTests" time="0.001"/>
  <testcase name="basicMovementTest(Point,Point)" classname="it.polimi.vovarini.model.MoveTests" time="0.002"/>
  <testcase name="basicMovementTest(Point,Point)" classname="it.polimi.vovarini.model.MoveTests" time="0.002"/>
  <testcase name="basicMovementTest(Point,Point)" classname="it.polimi.vovarini.model.MoveTests" time="0.002"/>
  <testcase name="basicMovementTest(Point,Point)" classname="it.polimi.vovarini.model.MoveTests" time="0.003"/>
  <testcase name="basicMovementTest(Point,Point)" classname="it.polimi.vovarini.model.MoveTests" time="0.003"/>
  <testcase name="basicMovementTest(Point,Point)" classname="it.polimi.vovarini.model.MoveTests" time="0.001"/>
  <testcase name="basicMovementTest(Point,Point)" classname="it.polimi.vovarini.model.MoveTests" time="0.002"/>
  <testcase name="basicMovementTest(Point,Point)" classname="it.polimi.vovarini.model.MoveTests" time="0.003"/>
  <testcase name="basicMovementTest(Point,Point)" classname="it.polimi.vovarini.model.MoveTests" time="0.003"/>
  <testcase name="basicMovementTest(Point,Point)" classname="it.polimi.vovarini.model.MoveTests" time="0.002"/>
  <testcase name="basicMovementTest(Point,Point)" classname="it.polimi.vovarini.model.MoveTests" time="0.002"/>
  <testcase name="basicMovementTest(Point,Point)" classname="it.polimi.vovarini.model.MoveTests" time="0.003"/>
  <testcase name="basicMovementTest(Point,Point)" classname="it.polimi.vovarini.model.MoveTests" time="0.002"/>
  <testcase name="basicMovementTest(Point,Point)" classname="it.polimi.vovarini.model.MoveTests" time="0.002"/>
  <testcase name="basicMovementTest(Point,Point)" classname="it.polimi.vovarini.model.MoveTests" time="0.002"/>
  <testcase name="basicMovementTest(Point,Point)" classname="it.polimi.vovarini.model.MoveTests" time="0.003"/>
  <testcase name="basicMovementTest(Point,Point)" classname="it.polimi.vovarini.model.MoveTests" time="0.002"/>
  <testcase name="basicMovementTest(Point,Point)" classname="it.polimi.vovarini.model.MoveTests" time="0.002"/>
  <testcase name="basicMovementTest(Point,Point)" classname="it.polimi.vovarini.model.MoveTests" time="0.002"/>
  <testcase name="basicMovementTest(Point,Point)" classname="it.polimi.vovarini.model.MoveTests" time="0.001"/>
  <testcase name="basicMovementTest(Point,Point)" classname="it.polimi.vovarini.model.MoveTests" time="0.002"/>
  <testcase name="basicMovementTest(Point,Point)" classname="it.polimi.vovarini.model.MoveTests" time="0.002"/>
  <testcase name="basicMovementTest(Point,Point)" classname="it.polimi.vovarini.model.MoveTests" time="0.002"/>
  <testcase name="basicMovementTest(Point,Point)" classname="it.polimi.vovarini.model.MoveTests" time="0.002"/>
  <testcase name="basicMovementTest(Point,Point)" classname="it.polimi.vovarini.model.MoveTests" time="0.001"/>
  <testcase name="basicMovementTest(Point,Point)" classname="it.polimi.vovarini.model.MoveTests" time="0.001"/>
  <testcase name="basicMovementTest(Point,Point)" classname="it.polimi.vovarini.model.MoveTests" time="0.002"/>
  <testcase name="basicMovementTest(Point,Point)" classname="it.polimi.vovarini.model.MoveTests" time="0.002"/>
  <testcase name="basicMovementTest(Point,Point)" classname="it.polimi.vovarini.model.MoveTests" time="0.001"/>
  <testcase name="basicMovementTest(Point,Point)" classname="it.polimi.vovarini.model.MoveTests" time="0.001"/>
  <testcase name="basicMovementTest(Point,Point)" classname="it.polimi.vovarini.model.MoveTests" time="0.001"/>
  <testcase name="basicMovementTest(Point,Point)" classname="it.polimi.vovarini.model.MoveTests" time="0.001"/>
  <testcase name="basicMovementTest(Point,Point)" classname="it.polimi.vovarini.model.MoveTests" time="0.002"/>
  <testcase name="basicMovementTest(Point,Point)" classname="it.polimi.vovarini.model.MoveTests" time="0.001"/>
  <testcase name="basicMovementTest(Point,Point)" classname="it.polimi.vovarini.model.MoveTests" time="0.001"/>
  <testcase name="basicMovementTest(Point,Point)" classname="it.polimi.vovarini.model.MoveTests" time="0.001"/>
  <testcase name="basicMovementTest(Point,Point)" classname="it.polimi.vovarini.model.MoveTests" time="0.002"/>
  <testcase name="basicMovementTest(Point,Point)" classname="it.polimi.vovarini.model.MoveTests" time="0.003"/>
  <testcase name="basicMovementTest(Point,Point)" classname="it.polimi.vovarini.model.MoveTests" time="0.002"/>
  <testcase name="basicMovementTest(Point,Point)" classname="it.polimi.vovarini.model.MoveTests" time="0.002"/>
  <testcase name="basicMovementTest(Point,Point)" classname="it.polimi.vovarini.model.MoveTests" time="0.005"/>
  <testcase name="basicMovementTest(Point,Point)" classname="it.polimi.vovarini.model.MoveTests" time="0.001"/>
  <testcase name="basicMovementTest(Point,Point)" classname="it.polimi.vovarini.model.MoveTests" time="0.001"/>
  <testcase name="basicMovementTest(Point,Point)" classname="it.polimi.vovarini.model.MoveTests" time="0.001"/>
  <testcase name="basicMovementTest(Point,Point)" classname="it.polimi.vovarini.model.MoveTests" time="0.002"/>
  <testcase name="basicMovementTest(Point,Point)" classname="it.polimi.vovarini.model.MoveTests" time="0.001"/>
  <testcase name="basicMovementTest(Point,Point)" classname="it.polimi.vovarini.model.MoveTests" time="0.001"/>
  <testcase name="basicMovementTest(Point,Point)" classname="it.polimi.vovarini.model.MoveTests" time="0.002"/>
  <testcase name="basicMovementTest(Point,Point)" classname="it.polimi.vovarini.model.MoveTests" time="0.002"/>
  <testcase name="basicMovementTest(Point,Point)" classname="it.polimi.vovarini.model.MoveTests" time="0.002"/>
  <testcase name="basicMovementTest(Point,Point)" classname="it.polimi.vovarini.model.MoveTests" time="0.001"/>
  <testcase name="basicMovementTest(Point,Point)" classname="it.polimi.vovarini.model.MoveTests" time="0.001"/>
  <testcase name="basicMovementTest(Point,Point)" classname="it.polimi.vovarini.model.MoveTests" time="0.001"/>
  <testcase name="basicMovementTest(Point,Point)" classname="it.polimi.vovarini.model.MoveTests" time="0.001"/>
  <testcase name="basicMovementTest(Point,Point)" classname="it.polimi.vovarini.model.MoveTests" time="0.001"/>
  <testcase name="basicMovementTest(Point,Point)" classname="it.polimi.vovarini.model.MoveTests" time="0.001"/>
  <testcase name="basicMovementTest(Point,Point)" classname="it.polimi.vovarini.model.MoveTests" time="0.001"/>
  <testcase name="basicMovementTest(Point,Point)" classname="it.polimi.vovarini.model.MoveTests" time="0.001"/>
  <testcase name="basicMovementTest(Point,Point)" classname="it.polimi.vovarini.model.MoveTests" time="0.001"/>
  <testcase name="basicMovementTest(Point,Point)" classname="it.polimi.vovarini.model.MoveTests" time="0.001"/>
  <testcase name="basicMovementTest(Point,Point)" classname="it.polimi.vovarini.model.MoveTests" time="0.001"/>
  <testcase name="basicMovementTest(Point,Point)" classname="it.polimi.vovarini.model.MoveTests" time="0.001"/>
  <testcase name="basicMovementTest(Point,Point)" classname="it.polimi.vovarini.model.MoveTests" time="0.001"/>
  <testcase name="basicMovementTest(Point,Point)" classname="it.polimi.vovarini.model.MoveTests" time="0.001"/>
  <testcase name="basicMovementTest(Point,Point)" classname="it.polimi.vovarini.model.MoveTests" time="0.001"/>
  <testcase name="basicMovementTest(Point,Point)" classname="it.polimi.vovarini.model.MoveTests" time="0.001"/>
  <testcase name="basicMovementTest(Point,Point)" classname="it.polimi.vovarini.model.MoveTests" time="0.002"/>
  <testcase name="basicMovementTest(Point,Point)" classname="it.polimi.vovarini.model.MoveTests" time="0.001"/>
  <testcase name="basicMovementTest(Point,Point)" classname="it.polimi.vovarini.model.MoveTests" time="0.001"/>
  <testcase name="basicMovementTest(Point,Point)" classname="it.polimi.vovarini.model.MoveTests" time="0.002"/>
  <testcase name="basicMovementTest(Point,Point)" classname="it.polimi.vovarini.model.MoveTests" time="0.002"/>
  <testcase name="basicMovementTest(Point,Point)" classname="it.polimi.vovarini.model.MoveTests" time="0.001"/>
  <testcase name="basicMovementTest(Point,Point)" classname="it.polimi.vovarini.model.MoveTests" time="0.001"/>
  <testcase name="basicMovementTest(Point,Point)" classname="it.polimi.vovarini.model.MoveTests" time="0"/>
  <testcase name="basicMovementTest(Point,Point)" classname="it.polimi.vovarini.model.MoveTests" time="0.001"/>
  <testcase name="basicMovementTest(Point,Point)" classname="it.polimi.vovarini.model.MoveTests" time="0.001"/>
  <testcase name="basicMovementTest(Point,Point)" classname="it.polimi.vovarini.model.MoveTests" time="0.001"/>
  <testcase name="basicMovementTest(Point,Point)" classname="it.polimi.vovarini.model.MoveTests" time="0.001"/>
  <testcase name="basicMovementTest(Point,Point)" classname="it.polimi.vovarini.model.MoveTests" time="0.001"/>
  <testcase name="basicMovementTest(Point,Point)" classname="it.polimi.vovarini.model.MoveTests" time="0.001"/>
  <testcase name="basicMovementTest(Point,Point)" classname="it.polimi.vovarini.model.MoveTests" time="0.001"/>
  <testcase name="basicMovementTest(Point,Point)" classname="it.polimi.vovarini.model.MoveTests" time="0.001"/>
  <testcase name="basicMovementTest(Point,Point)" classname="it.polimi.vovarini.model.MoveTests" time="0.001"/>
  <testcase name="basicMovementTest(Point,Point)" classname="it.polimi.vovarini.model.MoveTests" time="0.002"/>
  <testcase name="basicMovementTest(Point,Point)" classname="it.polimi.vovarini.model.MoveTests" time="0.002"/>
  <testcase name="basicMovementTest(Point,Point)" classname="it.polimi.vovarini.model.MoveTests" time="0.002"/>
  <testcase name="basicMovementTest(Point,Point)" classname="it.polimi.vovarini.model.MoveTests" time="0.002"/>
  <testcase name="basicMovementTest(Point,Point)" classname="it.polimi.vovarini.model.MoveTests" time="0.002"/>
  <testcase name="basicMovementTest(Point,Point)" classname="it.polimi.vovarini.model.MoveTests" time="0.001"/>
  <testcase name="basicMovementTest(Point,Point)" classname="it.polimi.vovarini.model.MoveTests" time="0.001"/>
  <testcase name="basicMovementTest(Point,Point)" classname="it.polimi.vovarini.model.MoveTests" time="0.001"/>
  <testcase name="basicMovementTest(Point,Point)" classname="it.polimi.vovarini.model.MoveTests" time="0.001"/>
  <testcase name="basicMovementTest(Point,Point)" classname="it.polimi.vovarini.model.MoveTests" time="0.001"/>
  <testcase name="basicMovementTest(Point,Point)" classname="it.polimi.vovarini.model.MoveTests" time="0.001"/>
  <testcase name="basicMovementTest(Point,Point)" classname="it.polimi.vovarini.model.MoveTests" time="0.001"/>
  <testcase name="basicMovementTest(Point,Point)" classname="it.polimi.vovarini.model.MoveTests" time="0.001"/>
  <testcase name="basicMovementTest(Point,Point)" classname="it.polimi.vovarini.model.MoveTests" time="0.001"/>
  <testcase name="basicMovementTest(Point,Point)" classname="it.polimi.vovarini.model.MoveTests" time="0.001"/>
  <testcase name="basicMovementTest(Point,Point)" classname="it.polimi.vovarini.model.MoveTests" time="0.001"/>
  <testcase name="basicMovementTest(Point,Point)" classname="it.polimi.vovarini.model.MoveTests" time="0"/>
  <testcase name="basicMovementTest(Point,Point)" classname="it.polimi.vovarini.model.MoveTests" time="0.001"/>
  <testcase name="basicMovementTest(Point,Point)" classname="it.polimi.vovarini.model.MoveTests" time="0.002"/>
  <testcase name="basicMovementTest(Point,Point)" classname="it.polimi.vovarini.model.MoveTests" time="0.002"/>
  <testcase name="basicMovementTest(Point,Point)" classname="it.polimi.vovarini.model.MoveTests" time="0.001"/>
  <testcase name="basicMovementTest(Point,Point)" classname="it.polimi.vovarini.model.MoveTests" time="0.001"/>
  <testcase name="basicMovementTest(Point,Point)" classname="it.polimi.vovarini.model.MoveTests" time="0.001"/>
  <testcase name="basicMovementTest(Point,Point)" classname="it.polimi.vovarini.model.MoveTests" time="0.001"/>
  <testcase name="basicMovementTest(Point,Point)" classname="it.polimi.vovarini.model.MoveTests" time="0.001"/>
  <testcase name="basicMovementTest(Point,Point)" classname="it.polimi.vovarini.model.MoveTests" time="0.001"/>
  <testcase name="basicMovementTest(Point,Point)" classname="it.polimi.vovarini.model.MoveTests" time="0.001"/>
  <testcase name="basicMovementTest(Point,Point)" classname="it.polimi.vovarini.model.MoveTests" time="0.001"/>
  <testcase name="basicMovementTest(Point,Point)" classname="it.polimi.vovarini.model.MoveTests" time="0.002"/>
  <testcase name="basicMovementTest(Point,Point)" classname="it.polimi.vovarini.model.MoveTests" time="0.002"/>
  <testcase name="basicMovementTest(Point,Point)" classname="it.polimi.vovarini.model.MoveTests" time="0.001"/>
  <testcase name="basicMovementTest(Point,Point)" classname="it.polimi.vovarini.model.MoveTests" time="0.002"/>
  <testcase name="basicMovementTest(Point,Point)" classname="it.polimi.vovarini.model.MoveTests" time="0.002"/>
  <testcase name="basicMovementTest(Point,Point)" classname="it.polimi.vovarini.model.MoveTests" time="0.001"/>
  <testcase name="basicMovementTest(Point,Point)" classname="it.polimi.vovarini.model.MoveTests" time="0.001"/>
  <testcase name="basicMovementTest(Point,Point)" classname="it.polimi.vovarini.model.MoveTests" time="0.001"/>
  <testcase name="basicMovementTest(Point,Point)" classname="it.polimi.vovarini.model.MoveTests" time="0"/>
  <testcase name="basicMovementTest(Point,Point)" classname="it.polimi.vovarini.model.MoveTests" time="0.001"/>
  <testcase name="basicMovementTest(Point,Point)" classname="it.polimi.vovarini.model.MoveTests" time="0.001"/>
  <testcase name="basicMovementTest(Point,Point)" classname="it.polimi.vovarini.model.MoveTests" time="0.001"/>
  <testcase name="basicMovementTest(Point,Point)" classname="it.polimi.vovarini.model.MoveTests" time="0.002"/>
  <testcase name="basicMovementTest(Point,Point)" classname="it.polimi.vovarini.model.MoveTests" time="0.002"/>
  <testcase name="basicMovementTest(Point,Point)" classname="it.polimi.vovarini.model.MoveTests" time="0.001"/>
  <testcase name="basicMovementTest(Point,Point)" classname="it.polimi.vovarini.model.MoveTests" time="0.002"/>
  <testcase name="basicMovementTest(Point,Point)" classname="it.polimi.vovarini.model.MoveTests" time="0.001"/>
  <testcase name="basicMovementTest(Point,Point)" classname="it.polimi.vovarini.model.MoveTests" time="0.001"/>
  <testcase name="basicMovementTest(Point,Point)" classname="it.polimi.vovarini.model.MoveTests" time="0.001"/>
  <testcase name="basicMovementTest(Point,Point)" classname="it.polimi.vovarini.model.MoveTests" time="0.001"/>
  <testcase name="basicMovementTest(Point,Point)" classname="it.polimi.vovarini.model.MoveTests" time="0.002"/>
  <testcase name="basicMovementTest(Point,Point)" classname="it.polimi.vovarini.model.MoveTests" time="0.001"/>
  <testcase name="basicMovementTest(Point,Point)" classname="it.polimi.vovarini.model.MoveTests" time="0.001"/>
  <testcase name="basicMovementTest(Point,Point)" classname="it.polimi.vovarini.model.MoveTests" time="0.001"/>
  <testcase name="basicMovementTest(Point,Point)" classname="it.polimi.vovarini.model.MoveTests" time="0.002"/>
  <testcase name="basicMovementTest(Point,Point)" classname="it.polimi.vovarini.model.MoveTests" time="0.002"/>
  <testcase name="basicMovementTest(Point,Point)" classname="it.polimi.vovarini.model.MoveTests" time="0.002"/>
  <testcase name="basicMovementTest(Point,Point)" classname="it.polimi.vovarini.model.MoveTests" time="0.002"/>
  <testcase name="basicMovementTest(Point,Point)" classname="it.polimi.vovarini.model.MoveTests" time="0.001"/>
  <testcase name="basicMovementTest(Point,Point)" classname="it.polimi.vovarini.model.MoveTests" time="0.001"/>
  <testcase name="basicMovementTest(Point,Point)" classname="it.polimi.vovarini.model.MoveTests" time="0.001"/>
  <testcase name="basicMovementTest(Point,Point)" classname="it.polimi.vovarini.model.MoveTests" time="0.001"/>
  <testcase name="basicMovementTest(Point,Point)" classname="it.polimi.vovarini.model.MoveTests" time="0.001"/>
  <testcase name="basicMovementTest(Point,Point)" classname="it.polimi.vovarini.model.MoveTests" time="0.001"/>
  <testcase name="basicMovementTest(Point,Point)" classname="it.polimi.vovarini.model.MoveTests" time="0.001"/>
  <testcase name="basicMovementTest(Point,Point)" classname="it.polimi.vovarini.model.MoveTests" time="0.001"/>
  <testcase name="basicMovementTest(Point,Point)" classname="it.polimi.vovarini.model.MoveTests" time="0.001"/>
  <testcase name="basicMovementTest(Point,Point)" classname="it.polimi.vovarini.model.MoveTests" time="0.001"/>
  <testcase name="basicMovementTest(Point,Point)" classname="it.polimi.vovarini.model.MoveTests" time="0.001"/>
  <testcase name="basicMovementTest(Point,Point)" classname="it.polimi.vovarini.model.MoveTests" time="0.001"/>
  <testcase name="basicMovementTest(Point,Point)" classname="it.polimi.vovarini.model.MoveTests" time="0.001"/>
  <testcase name="basicMovementTest(Point,Point)" classname="it.polimi.vovarini.model.MoveTests" time="0.001"/>
  <testcase name="basicMovementTest(Point,Point)" classname="it.polimi.vovarini.model.MoveTests" time="0.001"/>
  <testcase name="basicMovementTest(Point,Point)" classname="it.polimi.vovarini.model.MoveTests" time="0.001"/>
  <testcase name="basicMovementTest(Point,Point)" classname="it.polimi.vovarini.model.MoveTests" time="0.001"/>
  <testcase name="basicMovementTest(Point,Point)" classname="it.polimi.vovarini.model.MoveTests" time="0.001"/>
  <testcase name="basicMovementTest(Point,Point)" classname="it.polimi.vovarini.model.MoveTests" time="0.001"/>
  <testcase name="basicMovementTest(Point,Point)" classname="it.polimi.vovarini.model.MoveTests" time="0.001"/>
  <testcase name="basicMovementTest(Point,Point)" classname="it.polimi.vovarini.model.MoveTests" time="0.001"/>
  <testcase name="basicMovementTest(Point,Point)" classname="it.polimi.vovarini.model.MoveTests" time="0.001"/>
  <testcase name="basicMovementTest(Point,Point)" classname="it.polimi.vovarini.model.MoveTests" time="0.001"/>
  <testcase name="basicMovementTest(Point,Point)" classname="it.polimi.vovarini.model.MoveTests" time="0.002"/>
  <testcase name="basicMovementTest(Point,Point)" classname="it.polimi.vovarini.model.MoveTests" time="0.001"/>
  <testcase name="basicMovementTest(Point,Point)" classname="it.polimi.vovarini.model.MoveTests" time="0.001"/>
  <testcase name="basicMovementTest(Point,Point)" classname="it.polimi.vovarini.model.MoveTests" time="0.001"/>
  <testcase name="basicMovementTest(Point,Point)" classname="it.polimi.vovarini.model.MoveTests" time="0.002"/>
  <testcase name="basicMovementTest(Point,Point)" classname="it.polimi.vovarini.model.MoveTests" time="0.001"/>
  <testcase name="basicMovementTest(Point,Point)" classname="it.polimi.vovarini.model.MoveTests" time="0.001"/>
  <testcase name="basicMovementTest(Point,Point)" classname="it.polimi.vovarini.model.MoveTests" time="0.001"/>
  <testcase name="basicMovementTest(Point,Point)" classname="it.polimi.vovarini.model.MoveTests" time="0.013"/>
  <testcase name="basicMovementTest(Point,Point)" classname="it.polimi.vovarini.model.MoveTests" time="0.001"/>
  <testcase name="basicMovementTest(Point,Point)" classname="it.polimi.vovarini.model.MoveTests" time="0.001"/>
  <testcase name="basicMovementTest(Point,Point)" classname="it.polimi.vovarini.model.MoveTests" time="0.001"/>
  <testcase name="basicMovementTest(Point,Point)" classname="it.polimi.vovarini.model.MoveTests" time="0.001"/>
  <testcase name="basicMovementTest(Point,Point)" classname="it.polimi.vovarini.model.MoveTests" time="0.001"/>
  <testcase name="basicMovementTest(Point,Point)" classname="it.polimi.vovarini.model.MoveTests" time="0.001"/>
  <testcase name="basicMovementTest(Point,Point)" classname="it.polimi.vovarini.model.MoveTests" time="0.001"/>
  <testcase name="basicMovementTest(Point,Point)" classname="it.polimi.vovarini.model.MoveTests" time="0.001"/>
  <testcase name="basicMovementTest(Point,Point)" classname="it.polimi.vovarini.model.MoveTests" time="0.001"/>
  <testcase name="basicMovementTest(Point,Point)" classname="it.polimi.vovarini.model.MoveTests" time="0.001"/>
  <testcase name="basicMovementTest(Point,Point)" classname="it.polimi.vovarini.model.MoveTests" time="0.001"/>
  <testcase name="basicMovementTest(Point,Point)" classname="it.polimi.vovarini.model.MoveTests" time="0.001"/>
  <testcase name="basicMovementTest(Point,Point)" classname="it.polimi.vovarini.model.MoveTests" time="0.001"/>
  <testcase name="basicMovementTest(Point,Point)" classname="it.polimi.vovarini.model.MoveTests" time="0.001"/>
  <testcase name="basicMovementTest(Point,Point)" classname="it.polimi.vovarini.model.MoveTests" time="0.002"/>
  <testcase name="basicMovementTest(Point,Point)" classname="it.polimi.vovarini.model.MoveTests" time="0.002"/>
  <testcase name="basicMovementTest(Point,Point)" classname="it.polimi.vovarini.model.MoveTests" time="0.002"/>
  <testcase name="basicMovementTest(Point,Point)" classname="it.polimi.vovarini.model.MoveTests" time="0.001"/>
  <testcase name="basicMovementTest(Point,Point)" classname="it.polimi.vovarini.model.MoveTests" time="0.001"/>
  <testcase name="basicMovementTest(Point,Point)" classname="it.polimi.vovarini.model.MoveTests" time="0.001"/>
  <testcase name="basicMovementTest(Point,Point)" classname="it.polimi.vovarini.model.MoveTests" time="0.001"/>
  <testcase name="basicMovementTest(Point,Point)" classname="it.polimi.vovarini.model.MoveTests" time="0.001"/>
  <testcase name="basicMovementTest(Point,Point)" classname="it.polimi.vovarini.model.MoveTests" time="0.001"/>
  <testcase name="basicMovementTest(Point,Point)" classname="it.polimi.vovarini.model.MoveTests" time="0"/>
  <testcase name="basicMovementTest(Point,Point)" classname="it.polimi.vovarini.model.MoveTests" time="0.001"/>
  <testcase name="basicMovementTest(Point,Point)" classname="it.polimi.vovarini.model.MoveTests" time="0.001"/>
  <testcase name="basicMovementTest(Point,Point)" classname="it.polimi.vovarini.model.MoveTests" time="0.001"/>
  <testcase name="basicMovementTest(Point,Point)" classname="it.polimi.vovarini.model.MoveTests" time="0.001"/>
  <testcase name="basicMovementTest(Point,Point)" classname="it.polimi.vovarini.model.MoveTests" time="0.001"/>
  <testcase name="basicMovementTest(Point,Point)" classname="it.polimi.vovarini.model.MoveTests" time="0.001"/>
  <testcase name="basicMovementTest(Point,Point)" classname="it.polimi.vovarini.model.MoveTests" time="0.001"/>
  <testcase name="basicMovementTest(Point,Point)" classname="it.polimi.vovarini.model.MoveTests" time="0.002"/>
  <testcase name="basicMovementTest(Point,Point)" classname="it.polimi.vovarini.model.MoveTests" time="0.002"/>
  <testcase name="basicMovementTest(Point,Point)" classname="it.polimi.vovarini.model.MoveTests" time="0.002"/>
  <testcase name="basicMovementTest(Point,Point)" classname="it.polimi.vovarini.model.MoveTests" time="0.002"/>
  <testcase name="basicMovementTest(Point,Point)" classname="it.polimi.vovarini.model.MoveTests" time="0.003"/>
  <testcase name="basicMovementTest(Point,Point)" classname="it.polimi.vovarini.model.MoveTests" time="0.002"/>
  <testcase name="basicMovementTest(Point,Point)" classname="it.polimi.vovarini.model.MoveTests" time="0.002"/>
  <testcase name="basicMovementTest(Point,Point)" classname="it.polimi.vovarini.model.MoveTests" time="0.002"/>
  <testcase name="basicMovementTest(Point,Point)" classname="it.polimi.vovarini.model.MoveTests" time="0.002"/>
  <testcase name="basicMovementTest(Point,Point)" classname="it.polimi.vovarini.model.MoveTests" time="0.001"/>
  <testcase name="basicMovementTest(Point,Point)" classname="it.polimi.vovarini.model.MoveTests" time="0.001"/>
  <testcase name="basicMovementTest(Point,Point)" classname="it.polimi.vovarini.model.MoveTests" time="0.001"/>
  <testcase name="basicMovementTest(Point,Point)" classname="it.polimi.vovarini.model.MoveTests" time="0.001"/>
  <testcase name="basicMovementTest(Point,Point)" classname="it.polimi.vovarini.model.MoveTests" time="0.001"/>
  <testcase name="basicMovementTest(Point,Point)" classname="it.polimi.vovarini.model.MoveTests" time="0.001"/>
  <testcase name="basicMovementTest(Point,Point)" classname="it.polimi.vovarini.model.MoveTests" time="0.001"/>
  <testcase name="basicMovementTest(Point,Point)" classname="it.polimi.vovarini.model.MoveTests" time="0.001"/>
  <testcase name="basicMovementTest(Point,Point)" classname="it.polimi.vovarini.model.MoveTests" time="0.001"/>
  <testcase name="basicMovementTest(Point,Point)" classname="it.polimi.vovarini.model.MoveTests" time="0.001"/>
  <testcase name="basicMovementTest(Point,Point)" classname="it.polimi.vovarini.model.MoveTests" time="0.001"/>
  <testcase name="basicMovementTest(Point,Point)" classname="it.polimi.vovarini.model.MoveTests" time="0.001"/>
  <testcase name="basicMovementTest(Point,Point)" classname="it.polimi.vovarini.model.MoveTests" time="0.001"/>
  <testcase name="basicMovementTest(Point,Point)" classname="it.polimi.vovarini.model.MoveTests" time="0.001"/>
  <testcase name="basicMovementTest(Point,Point)" classname="it.polimi.vovarini.model.MoveTests" time="0.001"/>
  <testcase name="basicMovementTest(Point,Point)" classname="it.polimi.vovarini.model.MoveTests" time="0.001"/>
  <testcase name="basicMovementTest(Point,Point)" classname="it.polimi.vovarini.model.MoveTests" time="0.001"/>
  <testcase name="basicMovementTest(Point,Point)" classname="it.polimi.vovarini.model.MoveTests" time="0.001"/>
  <testcase name="basicMovementTest(Point,Point)" classname="it.polimi.vovarini.model.MoveTests" time="0.002"/>
  <testcase name="basicMovementTest(Point,Point)" classname="it.polimi.vovarini.model.MoveTests" time="0.001"/>
  <testcase name="basicMovementTest(Point,Point)" classname="it.polimi.vovarini.model.MoveTests" time="0.001"/>
  <testcase name="basicMovementTest(Point,Point)" classname="it.polimi.vovarini.model.MoveTests" time="0.002"/>
  <testcase name="basicMovementTest(Point,Point)" classname="it.polimi.vovarini.model.MoveTests" time="0.001"/>
  <testcase name="basicMovementTest(Point,Point)" classname="it.polimi.vovarini.model.MoveTests" time="0.001"/>
  <testcase name="basicMovementTest(Point,Point)" classname="it.polimi.vovarini.model.MoveTests" time="0.002"/>
  <testcase name="basicMovementTest(Point,Point)" classname="it.polimi.vovarini.model.MoveTests" time="0.001"/>
  <testcase name="basicMovementTest(Point,Point)" classname="it.polimi.vovarini.model.MoveTests" time="0.002"/>
  <testcase name="basicMovementTest(Point,Point)" classname="it.polimi.vovarini.model.MoveTests" time="0.001"/>
  <testcase name="basicMovementTest(Point,Point)" classname="it.polimi.vovarini.model.MoveTests" time="0.001"/>
  <testcase name="basicMovementTest(Point,Point)" classname="it.polimi.vovarini.model.MoveTests" time="0.001"/>
  <testcase name="basicMovementTest(Point,Point)" classname="it.polimi.vovarini.model.MoveTests" time="0.002"/>
  <testcase name="basicMovementTest(Point,Point)" classname="it.polimi.vovarini.model.MoveTests" time="0.001"/>
  <testcase name="basicMovementTest(Point,Point)" classname="it.polimi.vovarini.model.MoveTests" time="0.001"/>
  <testcase name="basicMovementTest(Point,Point)" classname="it.polimi.vovarini.model.MoveTests" time="0.001"/>
  <testcase name="basicMovementTest(Point,Point)" classname="it.polimi.vovarini.model.MoveTests" time="0.001"/>
  <testcase name="basicMovementTest(Point,Point)" classname="it.polimi.vovarini.model.MoveTests" time="0.001"/>
  <testcase name="basicMovementTest(Point,Point)" classname="it.polimi.vovarini.model.MoveTests" time="0.002"/>
  <testcase name="basicMovementTest(Point,Point)" classname="it.polimi.vovarini.model.MoveTests" time="0.001"/>
  <testcase name="basicMovementTest(Point,Point)" classname="it.polimi.vovarini.model.MoveTests" time="0.001"/>
  <testcase name="basicMovementTest(Point,Point)" classname="it.polimi.vovarini.model.MoveTests" time="0.001"/>
  <testcase name="basicMovementTest(Point,Point)" classname="it.polimi.vovarini.model.MoveTests" time="0.002"/>
  <testcase name="basicMovementTest(Point,Point)" classname="it.polimi.vovarini.model.MoveTests" time="0.002"/>
  <testcase name="basicMovementTest(Point,Point)" classname="it.polimi.vovarini.model.MoveTests" time="0"/>
  <testcase name="basicMovementTest(Point,Point)" classname="it.polimi.vovarini.model.MoveTests" time="0.001"/>
  <testcase name="basicMovementTest(Point,Point)" classname="it.polimi.vovarini.model.MoveTests" time="0.001"/>
  <testcase name="basicMovementTest(Point,Point)" classname="it.polimi.vovarini.model.MoveTests" time="0.001"/>
  <testcase name="basicMovementTest(Point,Point)" classname="it.polimi.vovarini.model.MoveTests" time="0.001"/>
  <testcase name="basicMovementTest(Point,Point)" classname="it.polimi.vovarini.model.MoveTests" time="0.001"/>
  <testcase name="basicMovementTest(Point,Point)" classname="it.polimi.vovarini.model.MoveTests" time="0.001"/>
  <testcase name="basicMovementTest(Point,Point)" classname="it.polimi.vovarini.model.MoveTests" time="0.001"/>
  <testcase name="basicMovementTest(Point,Point)" classname="it.polimi.vovarini.model.MoveTests" time="0.001"/>
  <testcase name="basicMovementTest(Point,Point)" classname="it.polimi.vovarini.model.MoveTests" time="0.001"/>
  <testcase name="basicMovementTest(Point,Point)" classname="it.polimi.vovarini.model.MoveTests" time="0.001"/>
  <testcase name="basicMovementTest(Point,Point)" classname="it.polimi.vovarini.model.MoveTests" time="0.002"/>
  <testcase name="basicMovementTest(Point,Point)" classname="it.polimi.vovarini.model.MoveTests" time="0.001"/>
  <testcase name="basicMovementTest(Point,Point)" classname="it.polimi.vovarini.model.MoveTests" time="0.001"/>
  <testcase name="basicMovementTest(Point,Point)" classname="it.polimi.vovarini.model.MoveTests" time="0.003"/>
  <testcase name="basicMovementTest(Point,Point)" classname="it.polimi.vovarini.model.MoveTests" time="0.001"/>
  <testcase name="basicMovementTest(Point,Point)" classname="it.polimi.vovarini.model.MoveTests" time="0.001"/>
  <testcase name="basicMovementTest(Point,Point)" classname="it.polimi.vovarini.model.MoveTests" time="0.001"/>
  <testcase name="basicMovementTest(Point,Point)" classname="it.polimi.vovarini.model.MoveTests" time="0.002"/>
  <testcase name="basicMovementTest(Point,Point)" classname="it.polimi.vovarini.model.MoveTests" time="0.001"/>
  <testcase name="basicMovementTest(Point,Point)" classname="it.polimi.vovarini.model.MoveTests" time="0.001"/>
  <testcase name="basicMovementTest(Point,Point)" classname="it.polimi.vovarini.model.MoveTests" time="0.001"/>
  <testcase name="basicMovementTest(Point,Point)" classname="it.polimi.vovarini.model.MoveTests" time="0.001"/>
  <testcase name="basicMovementTest(Point,Point)" classname="it.polimi.vovarini.model.MoveTests" time="0.001"/>
  <testcase name="basicMovementTest(Point,Point)" classname="it.polimi.vovarini.model.MoveTests" time="0.001"/>
  <testcase name="basicMovementTest(Point,Point)" classname="it.polimi.vovarini.model.MoveTests" time="0.001"/>
  <testcase name="basicMovementTest(Point,Point)" classname="it.polimi.vovarini.model.MoveTests" time="0.001"/>
  <testcase name="basicMovementTest(Point,Point)" classname="it.polimi.vovarini.model.MoveTests" time="0.001"/>
  <testcase name="basicMovementTest(Point,Point)" classname="it.polimi.vovarini.model.MoveTests" time="0.001"/>
  <testcase name="basicMovementTest(Point,Point)" classname="it.polimi.vovarini.model.MoveTests" time="0.001"/>
  <testcase name="basicMovementTest(Point,Point)" classname="it.polimi.vovarini.model.MoveTests" time="0.001"/>
  <testcase name="basicMovementTest(Point,Point)" classname="it.polimi.vovarini.model.MoveTests" time="0.001"/>
  <testcase name="basicMovementTest(Point,Point)" classname="it.polimi.vovarini.model.MoveTests" time="0.001"/>
  <testcase name="basicMovementTest(Point,Point)" classname="it.polimi.vovarini.model.MoveTests" time="0.002"/>
  <testcase name="basicMovementTest(Point,Point)" classname="it.polimi.vovarini.model.MoveTests" time="0.001"/>
  <testcase name="basicMovementTest(Point,Point)" classname="it.polimi.vovarini.model.MoveTests" time="0.001"/>
  <testcase name="basicMovementTest(Point,Point)" classname="it.polimi.vovarini.model.MoveTests" time="0.001"/>
  <testcase name="basicMovementTest(Point,Point)" classname="it.polimi.vovarini.model.MoveTests" time="0.001"/>
  <testcase name="basicMovementTest(Point,Point)" classname="it.polimi.vovarini.model.MoveTests" time="0.001"/>
  <testcase name="basicMovementTest(Point,Point)" classname="it.polimi.vovarini.model.MoveTests" time="0.001"/>
  <testcase name="basicMovementTest(Point,Point)" classname="it.polimi.vovarini.model.MoveTests" time="0.001"/>
  <testcase name="basicMovementTest(Point,Point)" classname="it.polimi.vovarini.model.MoveTests" time="0.001"/>
  <testcase name="basicMovementTest(Point,Point)" classname="it.polimi.vovarini.model.MoveTests" time="0.002"/>
  <testcase name="basicMovementTest(Point,Point)" classname="it.polimi.vovarini.model.MoveTests" time="0.005"/>
  <testcase name="basicMovementTest(Point,Point)" classname="it.polimi.vovarini.model.MoveTests" time="0.001"/>
  <testcase name="basicMovementTest(Point,Point)" classname="it.polimi.vovarini.model.MoveTests" time="0"/>
  <testcase name="basicMovementTest(Point,Point)" classname="it.polimi.vovarini.model.MoveTests" time="0.001"/>
  <testcase name="basicMovementTest(Point,Point)" classname="it.polimi.vovarini.model.MoveTests" time="0.001"/>
  <testcase name="basicMovementTest(Point,Point)" classname="it.polimi.vovarini.model.MoveTests" time="0.001"/>
  <testcase name="basicMovementTest(Point,Point)" classname="it.polimi.vovarini.model.MoveTests" time="0.001"/>
  <testcase name="basicMovementTest(Point,Point)" classname="it.polimi.vovarini.model.MoveTests" time="0.001"/>
  <testcase name="basicMovementTest(Point,Point)" classname="it.polimi.vovarini.model.MoveTests" time="0.002"/>
  <testcase name="basicMovementTest(Point,Point)" classname="it.polimi.vovarini.model.MoveTests" time="0.001"/>
  <testcase name="basicMovementTest(Point,Point)" classname="it.polimi.vovarini.model.MoveTests" time="0.001"/>
  <testcase name="basicMovementTest(Point,Point)" classname="it.polimi.vovarini.model.MoveTests" time="0.001"/>
  <testcase name="basicMovementTest(Point,Point)" classname="it.polimi.vovarini.model.MoveTests" time="0.001"/>
  <testcase name="basicMovementTest(Point,Point)" classname="it.polimi.vovarini.model.MoveTests" time="0.001"/>
  <testcase name="basicMovementTest(Point,Point)" classname="it.polimi.vovarini.model.MoveTests" time="0.001"/>
  <testcase name="basicMovementTest(Point,Point)" classname="it.polimi.vovarini.model.MoveTests" time="0.001"/>
  <testcase name="basicMovementTest(Point,Point)" classname="it.polimi.vovarini.model.MoveTests" time="0.002"/>
  <testcase name="basicMovementTest(Point,Point)" classname="it.polimi.vovarini.model.MoveTests" time="0.033"/>
  <testcase name="basicMovementTest(Point,Point)" classname="it.polimi.vovarini.model.MoveTests" time="0.056"/>
  <testcase name="basicMovementTest(Point,Point)" classname="it.polimi.vovarini.model.MoveTests" time="0.002"/>
  <testcase name="basicMovementTest(Point,Point)" classname="it.polimi.vovarini.model.MoveTests" time="0.002"/>
  <testcase name="basicMovementTest(Point,Point)" classname="it.polimi.vovarini.model.MoveTests" time="0.002"/>
  <testcase name="basicMovementTest(Point,Point)" classname="it.polimi.vovarini.model.MoveTests" time="0.002"/>
  <testcase name="basicMovementTest(Point,Point)" classname="it.polimi.vovarini.model.MoveTests" time="0.002"/>
  <testcase name="basicMovementTest(Point,Point)" classname="it.polimi.vovarini.model.MoveTests" time="0.002"/>
  <testcase name="basicMovementTest(Point,Point)" classname="it.polimi.vovarini.model.MoveTests" time="0.002"/>
  <testcase name="basicMovementTest(Point,Point)" classname="it.polimi.vovarini.model.MoveTests" time="0.001"/>
  <testcase name="basicMovementTest(Point,Point)" classname="it.polimi.vovarini.model.MoveTests" time="0.002"/>
  <testcase name="basicMovementTest(Point,Point)" classname="it.polimi.vovarini.model.MoveTests" time="0.002"/>
  <testcase name="basicMovementTest(Point,Point)" classname="it.polimi.vovarini.model.MoveTests" time="0.001"/>
  <testcase name="basicMovementTest(Point,Point)" classname="it.polimi.vovarini.model.MoveTests" time="0.002"/>
  <testcase name="basicMovementTest(Point,Point)" classname="it.polimi.vovarini.model.MoveTests" time="0.002"/>
  <testcase name="basicMovementTest(Point,Point)" classname="it.polimi.vovarini.model.MoveTests" time="0.002"/>
  <testcase name="basicMovementTest(Point,Point)" classname="it.polimi.vovarini.model.MoveTests" time="0.002"/>
  <testcase name="basicMovementTest(Point,Point)" classname="it.polimi.vovarini.model.MoveTests" time="0.002"/>
  <testcase name="basicMovementTest(Point,Point)" classname="it.polimi.vovarini.model.MoveTests" time="0.002"/>
  <testcase name="basicMovementTest(Point,Point)" classname="it.polimi.vovarini.model.MoveTests" time="0.002"/>
  <testcase name="basicMovementTest(Point,Point)" classname="it.polimi.vovarini.model.MoveTests" time="0.002"/>
  <testcase name="basicMovementTest(Point,Point)" classname="it.polimi.vovarini.model.MoveTests" time="0.002"/>
  <testcase name="basicMovementTest(Point,Point)" classname="it.polimi.vovarini.model.MoveTests" time="0.001"/>
  <testcase name="basicMovementTest(Point,Point)" classname="it.polimi.vovarini.model.MoveTests" time="0.001"/>
  <testcase name="basicMovementTest(Point,Point)" classname="it.polimi.vovarini.model.MoveTests" time="0"/>
  <testcase name="basicMovementTest(Point,Point)" classname="it.polimi.vovarini.model.MoveTests" time="0.001"/>
  <testcase name="basicMovementTest(Point,Point)" classname="it.polimi.vovarini.model.MoveTests" time="0.001"/>
  <testcase name="basicMovementTest(Point,Point)" classname="it.polimi.vovarini.model.MoveTests" time="0.001"/>
  <testcase name="basicMovementTest(Point,Point)" classname="it.polimi.vovarini.model.MoveTests" time="0"/>
  <testcase name="basicMovementTest(Point,Point)" classname="it.polimi.vovarini.model.MoveTests" time="0.001"/>
  <testcase name="basicMovementTest(Point,Point)" classname="it.polimi.vovarini.model.MoveTests" time="0.001"/>
  <testcase name="basicMovementTest(Point,Point)" classname="it.polimi.vovarini.model.MoveTests" time="0.001"/>
  <testcase name="basicMovementTest(Point,Point)" classname="it.polimi.vovarini.model.MoveTests" time="0.001"/>
  <testcase name="basicMovementTest(Point,Point)" classname="it.polimi.vovarini.model.MoveTests" time="0.001"/>
  <testcase name="basicMovementTest(Point,Point)" classname="it.polimi.vovarini.model.MoveTests" time="0.001"/>
  <testcase name="basicMovementTest(Point,Point)" classname="it.polimi.vovarini.model.MoveTests" time="0.001"/>
  <testcase name="basicMovementTest(Point,Point)" classname="it.polimi.vovarini.model.MoveTests" time="0.001"/>
  <testcase name="basicMovementTest(Point,Point)" classname="it.polimi.vovarini.model.MoveTests" time="0.002"/>
  <testcase name="basicMovementTest(Point,Point)" classname="it.polimi.vovarini.model.MoveTests" time="0.001"/>
  <testcase name="basicMovementTest(Point,Point)" classname="it.polimi.vovarini.model.MoveTests" time="0.001"/>
  <testcase name="basicMovementTest(Point,Point)" classname="it.polimi.vovarini.model.MoveTests" time="0.002"/>
  <testcase name="basicMovementTest(Point,Point)" classname="it.polimi.vovarini.model.MoveTests" time="0.002"/>
  <testcase name="basicMovementTest(Point,Point)" classname="it.polimi.vovarini.model.MoveTests" time="0.001"/>
  <testcase name="basicMovementTest(Point,Point)" classname="it.polimi.vovarini.model.MoveTests" time="0.002"/>
  <testcase name="basicMovementTest(Point,Point)" classname="it.polimi.vovarini.model.MoveTests" time="0.001"/>
  <testcase name="basicMovementTest(Point,Point)" classname="it.polimi.vovarini.model.MoveTests" time="0.001"/>
  <testcase name="basicMovementTest(Point,Point)" classname="it.polimi.vovarini.model.MoveTests" time="0.001"/>
  <testcase name="basicMovementTest(Point,Point)" classname="it.polimi.vovarini.model.MoveTests" time="0.001"/>
  <testcase name="basicMovementTest(Point,Point)" classname="it.polimi.vovarini.model.MoveTests" time="0.001"/>
  <testcase name="basicMovementTest(Point,Point)" classname="it.polimi.vovarini.model.MoveTests" time="0.002"/>
  <testcase name="basicMovementTest(Point,Point)" classname="it.polimi.vovarini.model.MoveTests" time="0.001"/>
  <testcase name="basicMovementTest(Point,Point)" classname="it.polimi.vovarini.model.MoveTests" time="0.001"/>
  <testcase name="basicMovementTest(Point,Point)" classname="it.polimi.vovarini.model.MoveTests" time="0.001"/>
  <testcase name="basicMovementTest(Point,Point)" classname="it.polimi.vovarini.model.MoveTests" time="0.001"/>
  <testcase name="basicMovementTest(Point,Point)" classname="it.polimi.vovarini.model.MoveTests" time="0.001"/>
  <testcase name="basicMovementTest(Point,Point)" classname="it.polimi.vovarini.model.MoveTests" time="0.001"/>
  <testcase name="basicMovementTest(Point,Point)" classname="it.polimi.vovarini.model.MoveTests" time="0.002"/>
  <testcase name="basicMovementTest(Point,Point)" classname="it.polimi.vovarini.model.MoveTests" time="0.002"/>
  <testcase name="basicMovementTest(Point,Point)" classname="it.polimi.vovarini.model.MoveTests" time="0.002"/>
  <testcase name="basicMovementTest(Point,Point)" classname="it.polimi.vovarini.model.MoveTests" time="0.002"/>
  <testcase name="basicMovementTest(Point,Point)" classname="it.polimi.vovarini.model.MoveTests" time="0.001"/>
  <testcase name="basicMovementTest(Point,Point)" classname="it.polimi.vovarini.model.MoveTests" time="0.001"/>
  <testcase name="basicMovementTest(Point,Point)" classname="it.polimi.vovarini.model.MoveTests" time="0.001"/>
  <testcase name="basicMovementTest(Point,Point)" classname="it.polimi.vovarini.model.MoveTests" time="0.001"/>
  <testcase name="basicMovementTest(Point,Point)" classname="it.polimi.vovarini.model.MoveTests" time="0.001"/>
  <testcase name="basicMovementTest(Point,Point)" classname="it.polimi.vovarini.model.MoveTests" time="0.001"/>
  <testcase name="basicMovementTest(Point,Point)" classname="it.polimi.vovarini.model.MoveTests" time="0.001"/>
  <testcase name="basicMovementTest(Point,Point)" classname="it.polimi.vovarini.model.MoveTests" time="0"/>
  <testcase name="basicMovementTest(Point,Point)" classname="it.polimi.vovarini.model.MoveTests" time="0.001"/>
  <testcase name="basicMovementTest(Point,Point)" classname="it.polimi.vovarini.model.MoveTests" time="0.002"/>
  <testcase name="basicMovementTest(Point,Point)" classname="it.polimi.vovarini.model.MoveTests" time="0.001"/>
  <testcase name="basicMovementTest(Point,Point)" classname="it.polimi.vovarini.model.MoveTests" time="0.001"/>
  <testcase name="basicMovementTest(Point,Point)" classname="it.polimi.vovarini.model.MoveTests" time="0"/>
  <testcase name="basicMovementTest(Point,Point)" classname="it.polimi.vovarini.model.MoveTests" time="0.001"/>
  <testcase name="basicMovementTest(Point,Point)" classname="it.polimi.vovarini.model.MoveTests" time="0.001"/>
  <testcase name="basicMovementTest(Point,Point)" classname="it.polimi.vovarini.model.MoveTests" time="0.001"/>
  <testcase name="basicMovementTest(Point,Point)" classname="it.polimi.vovarini.model.MoveTests" time="0.001"/>
  <testcase name="basicMovementTest(Point,Point)" classname="it.polimi.vovarini.model.MoveTests" time="0.001"/>
  <testcase name="basicMovementTest(Point,Point)" classname="it.polimi.vovarini.model.MoveTests" time="0.002"/>
  <testcase name="basicMovementTest(Point,Point)" classname="it.polimi.vovarini.model.MoveTests" time="0.002"/>
  <testcase name="basicMovementTest(Point,Point)" classname="it.polimi.vovarini.model.MoveTests" time="0.002"/>
  <testcase name="basicMovementTest(Point,Point)" classname="it.polimi.vovarini.model.MoveTests" time="0.001"/>
  <testcase name="basicMovementTest(Point,Point)" classname="it.polimi.vovarini.model.MoveTests" time="0.001"/>
  <testcase name="basicMovementTest(Point,Point)" classname="it.polimi.vovarini.model.MoveTests" time="0.001"/>
  <testcase name="basicMovementTest(Point,Point)" classname="it.polimi.vovarini.model.MoveTests" time="0.001"/>
  <testcase name="basicMovementTest(Point,Point)" classname="it.polimi.vovarini.model.MoveTests" time="0.001"/>
  <testcase name="basicMovementTest(Point,Point)" classname="it.polimi.vovarini.model.MoveTests" time="0.001"/>
  <testcase name="basicMovementTest(Point,Point)" classname="it.polimi.vovarini.model.MoveTests" time="0.001"/>
  <testcase name="basicMovementTest(Point,Point)" classname="it.polimi.vovarini.model.MoveTests" time="0.001"/>
  <testcase name="basicMovementTest(Point,Point)" classname="it.polimi.vovarini.model.MoveTests" time="0.001"/>
  <testcase name="basicMovementTest(Point,Point)" classname="it.polimi.vovarini.model.MoveTests" time="0.001"/>
  <testcase name="basicMovementTest(Point,Point)" classname="it.polimi.vovarini.model.MoveTests" time="0.001"/>
  <testcase name="basicMovementTest(Point,Point)" classname="it.polimi.vovarini.model.MoveTests" time="0.001"/>
  <testcase name="basicMovementTest(Point,Point)" classname="it.polimi.vovarini.model.MoveTests" time="0.001"/>
  <testcase name="basicMovementTest(Point,Point)" classname="it.polimi.vovarini.model.MoveTests" time="0"/>
  <testcase name="basicMovementTest(Point,Point)" classname="it.polimi.vovarini.model.MoveTests" time="0.001"/>
  <testcase name="basicMovementTest(Point,Point)" classname="it.polimi.vovarini.model.MoveTests" time="0.001"/>
  <testcase name="basicMovementTest(Point,Point)" classname="it.polimi.vovarini.model.MoveTests" time="0.001"/>
  <testcase name="basicMovementTest(Point,Point)" classname="it.polimi.vovarini.model.MoveTests" time="0.001"/>
  <testcase name="basicMovementTest(Point,Point)" classname="it.polimi.vovarini.model.MoveTests" time="0"/>
  <testcase name="basicMovementTest(Point,Point)" classname="it.polimi.vovarini.model.MoveTests" time="0"/>
  <testcase name="basicMovementTest(Point,Point)" classname="it.polimi.vovarini.model.MoveTests" time="0.001"/>
  <testcase name="basicMovementTest(Point,Point)" classname="it.polimi.vovarini.model.MoveTests" time="0.001"/>
  <testcase name="basicMovementTest(Point,Point)" classname="it.polimi.vovarini.model.MoveTests" time="0.001"/>
  <testcase name="basicMovementTest(Point,Point)" classname="it.polimi.vovarini.model.MoveTests" time="0.001"/>
  <testcase name="basicMovementTest(Point,Point)" classname="it.polimi.vovarini.model.MoveTests" time="0.001"/>
  <testcase name="basicMovementTest(Point,Point)" classname="it.polimi.vovarini.model.MoveTests" time="0.001"/>
  <testcase name="basicMovementTest(Point,Point)" classname="it.polimi.vovarini.model.MoveTests" time="0.001"/>
  <testcase name="basicMovementTest(Point,Point)" classname="it.polimi.vovarini.model.MoveTests" time="0.001"/>
  <testcase name="basicMovementTest(Point,Point)" classname="it.polimi.vovarini.model.MoveTests" time="0.001"/>
  <testcase name="basicMovementTest(Point,Point)" classname="it.polimi.vovarini.model.MoveTests" time="0.001"/>
  <testcase name="basicMovementTest(Point,Point)" classname="it.polimi.vovarini.model.MoveTests" time="0.001"/>
  <testcase name="basicMovementTest(Point,Point)" classname="it.polimi.vovarini.model.MoveTests" time="0.001"/>
  <testcase name="basicMovementTest(Point,Point)" classname="it.polimi.vovarini.model.MoveTests" time="0.001"/>
  <testcase name="basicMovementTest(Point,Point)" classname="it.polimi.vovarini.model.MoveTests" time="0.001"/>
  <testcase name="basicMovementTest(Point,Point)" classname="it.polimi.vovarini.model.MoveTests" time="0.001"/>
  <testcase name="basicMovementTest(Point,Point)" classname="it.polimi.vovarini.model.MoveTests" time="0.001"/>
  <testcase name="basicMovementTest(Point,Point)" classname="it.polimi.vovarini.model.MoveTests" time="0.001"/>
</testsuite>